[2023-12-31T10:50:21Z INFO emulator] MyProgram v0.0.1 starting up!
[2023-12-31T10:50:21Z DEBUG emulator] DEBUG output enabled.
[2023-12-31T10:50:21Z TRACE emulator] TRACE output enabled.
[2023-12-31T10:50:21Z INFO overly-verbose-target] hey, another library here, we're starting.
[2023-12-31T10:50:21Z INFO emulator] executing section: 0
[2023-12-31T10:50:21Z DEBUG emulator] section 0 1/4 complete.
[2023-12-31T10:50:21Z INFO overly-verbose-target] completed operation.
[2023-12-31T10:50:21Z DEBUG emulator] section 0 1/2 complete.
[2023-12-31T10:50:21Z INFO overly-verbose-target] completed operation.
[2023-12-31T10:50:21Z INFO overly-verbose-target] completed operation.
[2023-12-31T10:50:21Z DEBUG emulator] section 0 3/4 complete.
[2023-12-31T10:50:21Z INFO emulator] section 0 completed!
[2023-12-31T10:50:21Z INFO emulator] executing section: 1
[2023-12-31T10:50:21Z DEBUG emulator] section 1 1/4 complete.
[2023-12-31T10:50:21Z INFO overly-verbose-target] completed operation.
[2023-12-31T10:50:21Z DEBUG emulator] section 1 1/2 complete.
[2023-12-31T10:50:21Z INFO overly-verbose-target] completed operation.
[2023-12-31T10:50:21Z INFO overly-verbose-target] completed operation.
[2023-12-31T10:50:21Z DEBUG emulator] section 1 3/4 complete.
[2023-12-31T10:50:21Z INFO emulator] section 1 completed!
[2023-12-31T10:50:21Z INFO emulator] executing section: 2
[2023-12-31T10:50:21Z DEBUG emulator] section 2 1/4 complete.
[2023-12-31T10:50:21Z INFO overly-verbose-target] completed operation.
[2023-12-31T10:50:21Z DEBUG emulator] section 2 1/2 complete.
[2023-12-31T10:50:21Z INFO overly-verbose-target] completed operation.
[2023-12-31T10:50:21Z INFO overly-verbose-target] completed operation.
[2023-12-31T10:50:21Z DEBUG emulator] section 2 3/4 complete.
[2023-12-31T10:50:21Z INFO emulator] section 2 completed!
[2023-12-31T10:50:21Z INFO emulator] executing section: 3
[2023-12-31T10:50:21Z DEBUG emulator] section 3 1/4 complete.
[2023-12-31T10:50:21Z INFO overly-verbose-target] completed operation.
[2023-12-31T10:50:21Z DEBUG emulator] section 3 1/2 complete.
[2023-12-31T10:50:21Z INFO overly-verbose-target] completed operation.
[2023-12-31T10:50:21Z INFO overly-verbose-target] completed operation.
[2023-12-31T10:50:21Z DEBUG emulator] section 3 3/4 complete.
[2023-12-31T10:50:21Z INFO emulator] section 3 completed!
[2023-12-31T10:50:21Z INFO emulator] executing section: 4
[2023-12-31T10:50:21Z DEBUG emulator] section 4 1/4 complete.
[2023-12-31T10:50:21Z INFO overly-verbose-target] completed operation.
[2023-12-31T10:50:21Z DEBUG emulator] section 4 1/2 complete.
[2023-12-31T10:50:21Z INFO overly-verbose-target] completed operation.
[2023-12-31T10:50:21Z INFO overly-verbose-target] completed operation.
[2023-12-31T10:50:21Z DEBUG emulator] section 4 3/4 complete.
[2023-12-31T10:50:21Z INFO emulator] section 4 completed!
[2023-12-31T10:50:21Z WARN overly-verbose-target] AHHH something's on fire.
[2023-12-31T10:50:21Z INFO emulator] MyProgram operation completed, shutting down.
